+05:30 10:32:52 AM 15-06-2025, Sunday

KiExport v0.1.5
CLI tool to export design and manufacturing files from KiCad projects.
Author: Vishnu Mohanan (@vishnumaiea, @vizmohanan)
Contributors: Dominic Le Blanc (@domleblanc94)

run [INFO]: Running KiExport with configuration file 'kiexport.json'.
load_config [INFO]: Loading default configuration.
load_config [INFO]: Loading configuration from 'kiexport.json'.
load_config [INFO]: The configuration file version '1.6' is the same as the minimum supported version '1.6'.
run [INFO]: Found the following commands in the configuration file: ['gerbers', 'sch_pdf', ['_bom', 'CSV'], ['bom', 'XLS'], ['bom', 'HTML'], 'pcb_pdf', 'positions', 'svg', ['pcb_render', 'PCB-Front'], ['pcb_render', 'PCB-Back'], ['pcb_render', 'PCB-Left'], ['pcb_render', 'PCB-Right'], ['pcb_render', 'PCB-Parts-Front'], ['pcb_render', 'PCB-Parts-Back'], ['pcb_render', 'PCB-Pads-Front'], ['pcb_render', 'PCB-Pads-Back'], ['pcb_render', 'PCB-Paste-Front'], ['pcb_render', 'PCB-Paste-Back'], ['ddd', 'STEP'], ['ddd', 'VRML']], 19.
run [INFO]: Found the following commands in the cli list: ['pcb_render'], 1.
run [INFO]: Project Directory: D:\Engineering\KiCad\CIRCUITSTATE\AQEYE\AQEYE-SB-D1
run [INFO]: PCB File: AQEYE-SB-D1.kicad_pcb
run [INFO]: Schematic File: AQEYE-SB-D1.kicad_sch

generatePcbRenders [INFO]: Project name is 'AQEYE-SB-D1' and revision is R0.1.
generatePcbRenders [WARNING]: No render presets are specified in cli. All render presets available in the config file will be used.
generatePcbRenders [INFO]: CLI directory 'D:\Engineering\KiCad\CIRCUITSTATE\AQEYE\AQEYE-SB-D1/Export' is not empty. Using the CLI directory.
generatePcbRenders [INFO]: Output directory 'D:\Engineering\KiCad\CIRCUITSTATE\AQEYE\AQEYE-SB-D1/Export' already exists.
generatePcbRenders [INFO]: Target directory 'D:\Engineering\KiCad\CIRCUITSTATE\AQEYE\AQEYE-SB-D1/Export/R0.1/2025-06-15/Renders' does not exist. Creating it now.
generatePcbRenders [INFO]: Using all render presets: PCB-Front, PCB-Back, PCB-Left, PCB-Right, PCB-Parts-Front, PCB-Parts-Back, PCB-Pads-Front, PCB-Pads-Back, PCB-Paste-Front, PCB-Paste-Back
generatePcbRenders [INFO]: Running command:  "C:\Program Files\KiCad\9.0\bin\kicad-cli.exe" pcb render --output "D:\Engineering\KiCad\CIRCUITSTATE\AQEYE\AQEYE-SB-D1/Export/R0.1/2025-06-15/Renders/AQEYE-SB-D1-R0.1-PCB-Front-15062025-1.png" --width 8000 --height 6000 --side "front" --background "default" --quality "basic" --preset "Parts" --zoom  1 --pan  "0,0,0" --pivot "0,0,0" --rotate "0,0,0" "D:\Engineering\KiCad\CIRCUITSTATE\AQEYE\AQEYE-SB-D1\AQEYE-SB-D1.kicad_pcb"
generatePcbRenders [OK]: Render files using preset 'PCB-Front' exported successfully.

generatePcbRenders [INFO]: Running command:  "C:\Program Files\KiCad\9.0\bin\kicad-cli.exe" pcb render --output "D:\Engineering\KiCad\CIRCUITSTATE\AQEYE\AQEYE-SB-D1/Export/R0.1/2025-06-15/Renders/AQEYE-SB-D1-R0.1-PCB-Back-15062025-1.png" --width 8000 --height 6000 --side "back" --background "default" --quality "basic" --preset "Parts" --zoom  1 --pan  "0,0,0" --pivot "0,0,0" --rotate "0,0,0" "D:\Engineering\KiCad\CIRCUITSTATE\AQEYE\AQEYE-SB-D1\AQEYE-SB-D1.kicad_pcb"
generatePcbRenders [OK]: Render files using preset 'PCB-Back' exported successfully.

generatePcbRenders [INFO]: Running command:  "C:\Program Files\KiCad\9.0\bin\kicad-cli.exe" pcb render --output "D:\Engineering\KiCad\CIRCUITSTATE\AQEYE\AQEYE-SB-D1/Export/R0.1/2025-06-15/Renders/AQEYE-SB-D1-R0.1-PCB-Left-15062025-1.png" --width 8000 --height 6000 --side "left" --background "default" --quality "basic" --preset "Parts" --zoom  1 --pan  "0,0,0" --pivot "0,0,0" --rotate "0,0,0" "D:\Engineering\KiCad\CIRCUITSTATE\AQEYE\AQEYE-SB-D1\AQEYE-SB-D1.kicad_pcb"
generatePcbRenders [OK]: Render files using preset 'PCB-Left' exported successfully.

generatePcbRenders [INFO]: Running command:  "C:\Program Files\KiCad\9.0\bin\kicad-cli.exe" pcb render --output "D:\Engineering\KiCad\CIRCUITSTATE\AQEYE\AQEYE-SB-D1/Export/R0.1/2025-06-15/Renders/AQEYE-SB-D1-R0.1-PCB-Right-15062025-1.png" --width 8000 --height 6000 --side "right" --background "default" --quality "basic" --preset "Parts" --zoom  1 --pan  "0,0,0" --pivot "0,0,0" --rotate "0,0,0" "D:\Engineering\KiCad\CIRCUITSTATE\AQEYE\AQEYE-SB-D1\AQEYE-SB-D1.kicad_pcb"
generatePcbRenders [OK]: Render files using preset 'PCB-Right' exported successfully.

generatePcbRenders [INFO]: Running command:  "C:\Program Files\KiCad\9.0\bin\kicad-cli.exe" pcb render --output "D:\Engineering\KiCad\CIRCUITSTATE\AQEYE\AQEYE-SB-D1/Export/R0.1/2025-06-15/Renders/AQEYE-SB-D1-R0.1-PCB-Parts-Front-15062025-1.png" --width 8000 --height 6000 --side "top" --background "default" --quality "basic" --preset "Parts" --zoom  1 --pan  "0,0,0" --pivot "0,0,0" --rotate "0,0,0" "D:\Engineering\KiCad\CIRCUITSTATE\AQEYE\AQEYE-SB-D1\AQEYE-SB-D1.kicad_pcb"
generatePcbRenders [OK]: Render files using preset 'PCB-Parts-Front' exported successfully.

generatePcbRenders [INFO]: Running command:  "C:\Program Files\KiCad\9.0\bin\kicad-cli.exe" pcb render --output "D:\Engineering\KiCad\CIRCUITSTATE\AQEYE\AQEYE-SB-D1/Export/R0.1/2025-06-15/Renders/AQEYE-SB-D1-R0.1-PCB-Parts-Back-15062025-1.png" --width 8000 --height 6000 --side "bottom" --background "default" --quality "basic" --preset "Parts" --zoom  1 --pan  "0,0,0" --pivot "0,0,0" --rotate "0,0,0" "D:\Engineering\KiCad\CIRCUITSTATE\AQEYE\AQEYE-SB-D1\AQEYE-SB-D1.kicad_pcb"
generatePcbRenders [OK]: Render files using preset 'PCB-Parts-Back' exported successfully.

generatePcbRenders [INFO]: Running command:  "C:\Program Files\KiCad\9.0\bin\kicad-cli.exe" pcb render --output "D:\Engineering\KiCad\CIRCUITSTATE\AQEYE\AQEYE-SB-D1/Export/R0.1/2025-06-15/Renders/AQEYE-SB-D1-R0.1-PCB-Pads-Front-15062025-1.png" --width 8000 --height 6000 --side "top" --background "default" --quality "basic" --preset "Pads" --zoom  1 --pan  "0,0,0" --pivot "0,0,0" --rotate "0,0,0" "D:\Engineering\KiCad\CIRCUITSTATE\AQEYE\AQEYE-SB-D1\AQEYE-SB-D1.kicad_pcb"
generatePcbRenders [OK]: Render files using preset 'PCB-Pads-Front' exported successfully.

generatePcbRenders [INFO]: Running command:  "C:\Program Files\KiCad\9.0\bin\kicad-cli.exe" pcb render --output "D:\Engineering\KiCad\CIRCUITSTATE\AQEYE\AQEYE-SB-D1/Export/R0.1/2025-06-15/Renders/AQEYE-SB-D1-R0.1-PCB-Pads-Back-15062025-1.png" --width 8000 --height 6000 --side "bottom" --background "default" --quality "basic" --preset "Pads" --zoom  1 --pan  "0,0,0" --pivot "0,0,0" --rotate "0,0,0" "D:\Engineering\KiCad\CIRCUITSTATE\AQEYE\AQEYE-SB-D1\AQEYE-SB-D1.kicad_pcb"
generatePcbRenders [OK]: Render files using preset 'PCB-Pads-Back' exported successfully.

generatePcbRenders [INFO]: Running command:  "C:\Program Files\KiCad\9.0\bin\kicad-cli.exe" pcb render --output "D:\Engineering\KiCad\CIRCUITSTATE\AQEYE\AQEYE-SB-D1/Export/R0.1/2025-06-15/Renders/AQEYE-SB-D1-R0.1-PCB-Paste-Front-15062025-1.png" --width 8000 --height 6000 --side "top" --background "default" --quality "basic" --preset "Paste" --zoom  1 --pan  "0,0,0" --pivot "0,0,0" --rotate "0,0,0" "D:\Engineering\KiCad\CIRCUITSTATE\AQEYE\AQEYE-SB-D1\AQEYE-SB-D1.kicad_pcb"
generatePcbRenders [OK]: Render files using preset 'PCB-Paste-Front' exported successfully.

generatePcbRenders [INFO]: Running command:  "C:\Program Files\KiCad\9.0\bin\kicad-cli.exe" pcb render --output "D:\Engineering\KiCad\CIRCUITSTATE\AQEYE\AQEYE-SB-D1/Export/R0.1/2025-06-15/Renders/AQEYE-SB-D1-R0.1-PCB-Paste-Back-15062025-1.png" --width 8000 --height 6000 --side "bottom" --background "default" --quality "basic" --preset "Paste" --zoom  1 --pan  "0,0,0" --pivot "0,0,0" --rotate "0,0,0" "D:\Engineering\KiCad\CIRCUITSTATE\AQEYE\AQEYE-SB-D1\AQEYE-SB-D1.kicad_pcb"
generatePcbRenders [OK]: Render files using preset 'PCB-Paste-Back' exported successfully.

run [INFO]: Command execution completed. Statuses:
run [INFO]: pcb_render: True


Application: kicad-cli x64 on x64

Version: 9.0.2, release build

Libraries:
	wxWidgets 3.2.6
	FreeType 2.13.3
	HarfBuzz 10.2.0
	FontConfig 2.15.0
	libcurl/8.11.1-DEV Schannel zlib/1.3.1

Platform: Windows 11 (build 26120), 64-bit edition, 64 bit, Little endian, wxBase

Build Info:
	Date: May  7 2025 02:29:49
	wxWidgets: 3.2.6 (wchar_t,wx containers)
	Boost: 1.86.0
	OCC: 7.8.1
	Curl: 8.11.1-DEV
	ngspice: 44
	Compiler: Visual C++ 1942 without C++ ABI
	KICAD_IPC_API=ON

Locale: 
	Lang: en_IN
	Enc: UTF-8
	Num: 1,234.5
	Encoded кΩ丈: D0BACEA9E4B888 (sys), D0BACEA9E4B888 (utf8)
